[Fri Oct 18 07:08:33.622773 2024] [ssl:warn] [pid 11308:tid 428] AH01909: www.example.com:443:0 server certificate does NOT include an ID which matches the server name
[Fri Oct 18 07:08:33.725804 2024] [ssl:warn] [pid 11308:tid 428] AH01909: www.example.com:443:0 server certificate does NOT include an ID which matches the server name
[Fri Oct 18 07:08:33.892250 2024] [mpm_winnt:notice] [pid 11308:tid 428] AH00455: Apache/2.4.58 (Win64) OpenSSL/3.1.3 PHP/8.2.12 configured -- resuming normal operations
[Fri Oct 18 07:08:33.892250 2024] [mpm_winnt:notice] [pid 11308:tid 428] AH00456: Apache Lounge VS17 Server built: Oct 18 2023 13:03:18
[Fri Oct 18 07:08:33.892250 2024] [core:notice] [pid 11308:tid 428] AH00094: Command line: 'c:\\users\\acer\\documents\\lab\\projects\\wp_pj\\apache\\bin\\httpd.exe -d C:/Users/ACER/Documents/lab/Projects/WP_PJ/apache'
[Fri Oct 18 07:08:33.905629 2024] [mpm_winnt:notice] [pid 11308:tid 428] AH00418: Parent: Created child process 12704
[Fri Oct 18 07:08:34.721835 2024] [ssl:warn] [pid 12704:tid 392] AH01909: www.example.com:443:0 server certificate does NOT include an ID which matches the server name
[Fri Oct 18 07:08:34.810134 2024] [ssl:warn] [pid 12704:tid 392] AH01909: www.example.com:443:0 server certificate does NOT include an ID which matches the server name
[Fri Oct 18 07:08:34.878724 2024] [mpm_winnt:notice] [pid 12704:tid 392] AH00354: Child: Starting 150 worker threads.
[Sat Oct 19 13:31:16.947896 2024] [php:warn] [pid 12704:tid 1924] [client ::1:63955] PHP Warning:  Attempt to read property "title" on null in C:\\Users\\ACER\\Documents\\lab\\Projects\\WP_PJ\\htdocs\\Wordpress\\WebNews\\wp-includes\\class-wp-customize-widgets.php on line 905, referer: http://localhost/Wordpress/WebNews/
[Sat Oct 19 13:34:48.929645 2024] [php:warn] [pid 12704:tid 1964] [client ::1:64201] PHP Warning:  Undefined array key "editor_post_id" in C:\\Users\\ACER\\Documents\\lab\\Projects\\WP_PJ\\htdocs\\Wordpress\\WebNews\\wp-content\\plugins\\elementor\\modules\\history\\revisions-manager.php on line 363, referer: http://localhost/Wordpress/WebNews/wp-admin/post.php?post=2&action=elementor
[Sun Oct 20 20:00:44.971145 2024] [ssl:warn] [pid 21088:tid 408] AH01909: www.example.com:443:0 server certificate does NOT include an ID which matches the server name
[Sun Oct 20 20:00:45.003604 2024] [core:warn] [pid 21088:tid 408] AH00098: pid file C:/Users/ACER/Documents/lab/Projects/WP_PJ/apache/logs/httpd.pid overwritten -- Unclean shutdown of previous Apache run?
[Sun Oct 20 20:00:45.007687 2024] [ssl:warn] [pid 21088:tid 408] AH01909: www.example.com:443:0 server certificate does NOT include an ID which matches the server name
[Sun Oct 20 20:00:45.348659 2024] [mpm_winnt:notice] [pid 21088:tid 408] AH00455: Apache/2.4.58 (Win64) OpenSSL/3.1.3 PHP/8.2.12 configured -- resuming normal operations
[Sun Oct 20 20:00:45.348659 2024] [mpm_winnt:notice] [pid 21088:tid 408] AH00456: Apache Lounge VS17 Server built: Oct 18 2023 13:03:18
[Sun Oct 20 20:00:45.348659 2024] [core:notice] [pid 21088:tid 408] AH00094: Command line: 'c:\\users\\acer\\documents\\lab\\projects\\wp_pj\\apache\\bin\\httpd.exe -d C:/Users/ACER/Documents/lab/Projects/WP_PJ/apache'
[Sun Oct 20 20:00:45.353042 2024] [mpm_winnt:notice] [pid 21088:tid 408] AH00418: Parent: Created child process 24316
[Sun Oct 20 20:00:45.712032 2024] [ssl:warn] [pid 24316:tid 368] AH01909: www.example.com:443:0 server certificate does NOT include an ID which matches the server name
[Sun Oct 20 20:00:45.743974 2024] [ssl:warn] [pid 24316:tid 368] AH01909: www.example.com:443:0 server certificate does NOT include an ID which matches the server name
[Sun Oct 20 20:00:45.772685 2024] [mpm_winnt:notice] [pid 24316:tid 368] AH00354: Child: Starting 150 worker threads.
