[19/Oct/2024:14:13:22 +0700] ::1 TLSv1.3 TLS_AES_256_GCM_SHA384 "GET /Wordpress/WebNews/ HTTP/1.1" 61496
[19/Oct/2024:14:13:24 +0700] ::1 TLSv1.3 TLS_AES_256_GCM_SHA384 "GET /Wordpress/WebNews/ HTTP/1.1" 61496
[20/Oct/2024:13:37:40 +0700] ::1 TLSv1.3 TLS_AES_256_GCM_SHA384 "GET /truyen-tranh/chuyen-tinh-duc-cua-doi-vo-chong/ HTTP/1.1" 300
[20/Oct/2024:13:37:40 +0700] ::1 TLSv1.3 TLS_AES_256_GCM_SHA384 "GET /favicon.ico HTTP/1.1" 30894
[20/Oct/2024:13:37:58 +0700] ::1 TLSv1.3 TLS_AES_256_GCM_SHA384 "GET /nhung-dieu-tham-kin-cua-vo-chong-toi/ HTTP/1.1" 300
[20/Oct/2024:13:37:58 +0700] ::1 TLSv1.3 TLS_AES_256_GCM_SHA384 "GET /favicon.ico HTTP/1.1" 30894
[20/Oct/2024:13:40:25 +0700] ::1 TLSv1.3 TLS_AES_256_GCM_SHA384 "GET / HTTP/1.1" -
[20/Oct/2024:13:40:25 +0700] ::1 TLSv1.3 TLS_AES_256_GCM_SHA384 "GET /dashboard/ HTTP/1.1" 5187
[20/Oct/2024:13:40:25 +0700] ::1 TLSv1.3 TLS_AES_256_GCM_SHA384 "GET /dashboard/stylesheets/normalize.css HTTP/1.1" 6876
[20/Oct/2024:13:40:25 +0700] ::1 TLSv1.3 TLS_AES_256_GCM_SHA384 "GET /dashboard/images/fastly-logo.png HTTP/1.1" 1770
[20/Oct/2024:13:40:25 +0700] ::1 TLSv1.3 TLS_AES_256_GCM_SHA384 "GET /dashboard/images/xampp-logo.svg HTTP/1.1" 5427
[20/Oct/2024:13:40:25 +0700] ::1 TLSv1.3 TLS_AES_256_GCM_SHA384 "GET /dashboard/stylesheets/all.css HTTP/1.1" 406998
[20/Oct/2024:13:40:25 +0700] ::1 TLSv1.3 TLS_AES_256_GCM_SHA384 "GET /dashboard/javascripts/all.js HTTP/1.1" 188385
[20/Oct/2024:13:40:25 +0700] ::1 TLSv1.3 TLS_AES_256_GCM_SHA384 "GET /dashboard/javascripts/modernizr.js HTTP/1.1" 51365
[20/Oct/2024:13:40:25 +0700] ::1 TLSv1.3 TLS_AES_256_GCM_SHA384 "GET /dashboard/images/social-icons.png HTTP/1.1" 3361
[20/Oct/2024:13:40:26 +0700] ::1 TLSv1.3 TLS_AES_256_GCM_SHA384 "GET /dashboard/images/favicon.png HTTP/1.1" 2508
[20/Oct/2024:13:40:31 +0700] ::1 TLSv1.3 TLS_AES_256_GCM_SHA384 "GET / HTTP/1.1" -
[20/Oct/2024:13:40:31 +0700] ::1 TLSv1.3 TLS_AES_256_GCM_SHA384 "GET /dashboard/ HTTP/1.1" 5187
[20/Oct/2024:13:40:31 +0700] ::1 TLSv1.3 TLS_AES_256_GCM_SHA384 "GET /dashboard/stylesheets/normalize.css HTTP/1.1" 6876
[20/Oct/2024:13:40:31 +0700] ::1 TLSv1.3 TLS_AES_256_GCM_SHA384 "GET /dashboard/javascripts/modernizr.js HTTP/1.1" 51365
[20/Oct/2024:13:40:31 +0700] ::1 TLSv1.3 TLS_AES_256_GCM_SHA384 "GET /dashboard/images/xampp-logo.svg HTTP/1.1" 5427
[20/Oct/2024:13:40:31 +0700] ::1 TLSv1.3 TLS_AES_256_GCM_SHA384 "GET /dashboard/images/fastly-logo.png HTTP/1.1" 1770
[20/Oct/2024:13:40:31 +0700] ::1 TLSv1.3 TLS_AES_256_GCM_SHA384 "GET /dashboard/stylesheets/all.css HTTP/1.1" 406998
[20/Oct/2024:13:40:31 +0700] ::1 TLSv1.3 TLS_AES_256_GCM_SHA384 "GET /dashboard/javascripts/all.js HTTP/1.1" 188385
[20/Oct/2024:13:40:31 +0700] ::1 TLSv1.3 TLS_AES_256_GCM_SHA384 "GET /dashboard/images/social-icons.png HTTP/1.1" 3361
[20/Oct/2024:13:40:31 +0700] ::1 TLSv1.3 TLS_AES_256_GCM_SHA384 "GET /dashboard/images/favicon.png HTTP/1.1" 2508
[20/Oct/2024:13:40:37 +0700] ::1 TLSv1.3 TLS_AES_256_GCM_SHA384 "GET / HTTP/1.1" -
[20/Oct/2024:13:40:37 +0700] ::1 TLSv1.3 TLS_AES_256_GCM_SHA384 "GET /dashboard/ HTTP/1.1" 5187
[20/Oct/2024:13:40:37 +0700] ::1 TLSv1.3 TLS_AES_256_GCM_SHA384 "GET /dashboard/stylesheets/normalize.css HTTP/1.1" 6876
[20/Oct/2024:13:40:37 +0700] ::1 TLSv1.3 TLS_AES_256_GCM_SHA384 "GET /dashboard/stylesheets/all.css HTTP/1.1" 406998
[20/Oct/2024:13:40:37 +0700] ::1 TLSv1.3 TLS_AES_256_GCM_SHA384 "GET /dashboard/images/xampp-logo.svg HTTP/1.1" 5427
[20/Oct/2024:13:40:37 +0700] ::1 TLSv1.3 TLS_AES_256_GCM_SHA384 "GET /dashboard/javascripts/modernizr.js HTTP/1.1" 51365
[20/Oct/2024:13:40:37 +0700] ::1 TLSv1.3 TLS_AES_256_GCM_SHA384 "GET /dashboard/images/fastly-logo.png HTTP/1.1" 1770
[20/Oct/2024:13:40:37 +0700] ::1 TLSv1.3 TLS_AES_256_GCM_SHA384 "GET /dashboard/javascripts/all.js HTTP/1.1" 188385
[20/Oct/2024:13:40:37 +0700] ::1 TLSv1.3 TLS_AES_256_GCM_SHA384 "GET /dashboard/images/social-icons.png HTTP/1.1" 3361
[20/Oct/2024:13:40:38 +0700] ::1 TLSv1.3 TLS_AES_256_GCM_SHA384 "GET /dashboard/images/favicon.png HTTP/1.1" 2508
[20/Oct/2024:13:40:41 +0700] ::1 TLSv1.3 TLS_AES_256_GCM_SHA384 "GET / HTTP/1.1" -
[20/Oct/2024:13:40:41 +0700] ::1 TLSv1.3 TLS_AES_256_GCM_SHA384 "GET /dashboard/ HTTP/1.1" 5187
[20/Oct/2024:13:40:41 +0700] ::1 TLSv1.3 TLS_AES_256_GCM_SHA384 "GET /dashboard/images/favicon.png HTTP/1.1" 2508
[20/Oct/2024:13:40:43 +0700] ::1 TLSv1.3 TLS_AES_256_GCM_SHA384 "GET /dashboard/ HTTP/1.1" 5187
[20/Oct/2024:13:40:43 +0700] ::1 TLSv1.3 TLS_AES_256_GCM_SHA384 "GET /dashboard/images/favicon.png HTTP/1.1" 2508
[20/Oct/2024:13:40:33 +0700] ::1 TLSv1.3 TLS_AES_256_GCM_SHA384 "GET /phpmyadmin/ HTTP/1.1" 18629
